Using pre-set license
Built from '2020.3/staging' branch; Version is '2020.3.18f1 (a7d1c678663c) revision 10998214'; Using compiler version '192528614'; Build Type 'Release'
OS: 'Windows 10 Pro; OS build 17763.737; Version 1809; 64bit' Language: 'zh' Physical Memory: 16250 MB
BatchMode: 1, IsHumanControllingUs: 0, StartBugReporterOnCrash: 0, Is64bit: 1, IsPro: 0

COMMAND LINE ARGUMENTS:
C:\Program Files\Unity\Hub\Editor\2020.3.18f1\Editor\Unity.exe
-adb2
-batchMode
-noUpm
-name
AssetImportWorker0
-projectPath
E:/chang/Unity_1100918_2048/Unity_1100918_2048
-logFile
Logs/AssetImportWorker0.log
-srvPort
51174
Successfully changed project path to: E:/chang/Unity_1100918_2048/Unity_1100918_2048
E:/chang/Unity_1100918_2048/Unity_1100918_2048
Using Asset Import Pipeline V2.
Refreshing native plugins compatible for Editor in 37.51 ms, found 3 plugins.
Preloading 0 native plugins for Editor in 0.00 ms.
Initialize engine version: 2020.3.18f1 (a7d1c678663c)
[Subsystems] Discovering subsystems at path C:/Program Files/Unity/Hub/Editor/2020.3.18f1/Editor/Data/Resources/UnitySubsystems
[Subsystems] Discovering subsystems at path E:/chang/Unity_1100918_2048/Unity_1100918_2048/Assets
GfxDevice: creating device client; threaded=0
Direct3D:
    Version:  Direct3D 11.0 [level 11.1]
    Renderer: NVIDIA Quadro P600 (ID=0x1cb2)
    Vendor:   
    VRAM:     1981 MB
    Driver:   27.21.14.5239
Initialize mono
Mono path[0] = 'C:/Program Files/Unity/Hub/Editor/2020.3.18f1/Editor/Data/Managed'
Mono path[1] = 'C:/Program Files/Unity/Hub/Editor/2020.3.18f1/Editor/Data/MonoBleedingEdge/lib/mono/unityjit'
Mono config path = 'C:/Program Files/Unity/Hub/Editor/2020.3.18f1/Editor/Data/MonoBleedingEdge/etc'
Using monoOptions --debugger-agent=transport=dt_socket,embedding=1,server=y,suspend=n,address=127.0.0.1:56984
Begin MonoManager ReloadAssembly
Registering precompiled unity dll's ...
Register platform support module: C:/Program Files/Unity/Hub/Editor/2020.3.18f1/Editor/Data/PlaybackEngines/WebGLSupport/UnityEditor.WebGL.Extensions.dll
Register platform support module: C:/Program Files/Unity/Hub/Editor/2020.3.18f1/Editor/Data/PlaybackEngines/WindowsStandaloneSupport/UnityEditor.WindowsStandalone.Extensions.dll
Registered in 0.001531 seconds.
Native extension for WindowsStandalone target not found
Native extension for WebGL target not found
Refreshing native plugins compatible for Editor in 40.14 ms, found 3 plugins.
Preloading 0 native plugins for Editor in 0.00 ms.
Mono: successfully reloaded assembly
- Completed reload, in  1.552 seconds
Domain Reload Profiling:
	ReloadAssembly (1553ms)
		BeginReloadAssembly (43ms)
			ExecutionOrderSort (0ms)
			DisableScriptedObjects (0ms)
			BackupInstance (0ms)
			ReleaseScriptingObjects (0ms)
			CreateAndSetChildDomain (1ms)
		EndReloadAssembly (370ms)
			LoadAssemblies (42ms)
			RebuildTransferFunctionScriptingTraits (0ms)
			SetupTypeCache (136ms)
			ReleaseScriptCaches (0ms)
			RebuildScriptCaches (28ms)
			SetupLoadedEditorAssemblies (146ms)
				LogAssemblyErrors (0ms)
				InitializePlatformSupportModulesInManaged (4ms)
				SetLoadedEditorAssemblies (0ms)
				RefreshPlugins (40ms)
				BeforeProcessingInitializeOnLoad (8ms)
				ProcessInitializeOnLoadAttributes (69ms)
				ProcessInitializeOnLoadMethodAttributes (25ms)
				AfterProcessingInitializeOnLoad (0ms)
				EditorAssembliesLoaded (0ms)
			ExecutionOrderSort2 (0ms)
			AwakeInstancesAfterBackupRestoration (0ms)
Platform modules already initialized, skipping
Registering precompiled user dll's ...
Registered in 0.001688 seconds.
Begin MonoManager ReloadAssembly
Native extension for WindowsStandalone target not found
Native extension for WebGL target not found
Refreshing native plugins compatible for Editor in 36.60 ms, found 3 plugins.
Preloading 0 native plugins for Editor in 0.00 ms.
Mono: successfully reloaded assembly
- Completed reload, in  0.945 seconds
Domain Reload Profiling:
	ReloadAssembly (946ms)
		BeginReloadAssembly (125ms)
			ExecutionOrderSort (0ms)
			DisableScriptedObjects (4ms)
			BackupInstance (0ms)
			ReleaseScriptingObjects (0ms)
			CreateAndSetChildDomain (16ms)
		EndReloadAssembly (768ms)
			LoadAssemblies (73ms)
			RebuildTransferFunctionScriptingTraits (0ms)
			SetupTypeCache (247ms)
			ReleaseScriptCaches (0ms)
			RebuildScriptCaches (43ms)
			SetupLoadedEditorAssemblies (294ms)
				LogAssemblyErrors (0ms)
				InitializePlatformSupportModulesInManaged (4ms)
				SetLoadedEditorAssemblies (0ms)
				RefreshPlugins (37ms)
				BeforeProcessingInitializeOnLoad (54ms)
				ProcessInitializeOnLoadAttributes (184ms)
				ProcessInitializeOnLoadMethodAttributes (11ms)
				AfterProcessingInitializeOnLoad (4ms)
				EditorAssembliesLoaded (0ms)
			ExecutionOrderSort2 (0ms)
			AwakeInstancesAfterBackupRestoration (6ms)
Platform modules already initialized, skipping
========================================================================
Worker process is ready to serve import requests
Launched and connected shader compiler UnityShaderCompiler.exe after 0.03 seconds
Refreshing native plugins compatible for Editor in 0.47 ms, found 3 plugins.
Preloading 0 native plugins for Editor in 0.00 ms.
Unloading 2090 Unused Serialized files (Serialized files now loaded: 0)
System memory in use before: 93.3 MB.
System memory in use after: 93.4 MB.

Unloading 26 unused Assets to reduce memory usage. Loaded Objects now: 2531.
Total: 3.263000 ms (FindLiveObjects: 0.212700 ms CreateObjectMapping: 0.084600 ms MarkObjects: 2.887300 ms  DeleteObjects: 0.076900 ms)

AssetImportParameters requested are different than current active one (requested -> active):
  custom:framework-win-MediaFoundation: 216162199b28c13a410421893ffa2e32 -> 
  custom:video-decoder-ogg-theora: a1e56fd34408186e4bbccfd4996cb3dc -> 
  custom:container-muxer-webm: aa71ff27fc2769a1b78a27578f13a17b -> 
  custom:container-demuxer-webm: 4f35f7cbe854078d1ac9338744f61a02 -> 
  custom:container-demuxer-ogg: 62fdf1f143b41e24485cea50d1cbac27 -> 
  custom:video-encoder-webm-vp8: eb34c28f22e8b96e1ab97ce403110664 -> 
  custom:video-decoder-webm-vp8: 9c59270c3fd7afecdb556c50c9e8de78 -> 
  custom:audio-decoder-ogg-vorbis: bf7c407c2cedff20999df2af8eb42d56 -> 
  custom:audio-encoder-webm-vorbis: bf7c407c2cedff20999df2af8eb42d56 -> 
========================================================================
Received Import Request.
  path: Assets/素材/New Project.png
  artifactKey: Guid(d7ba501328694f34fa5b3bc0f60102a6) Importer(815301076,1909f56bfc062723c751e8b465ee728b)
Start importing Assets/素材/New Project.png using Guid(d7ba501328694f34fa5b3bc0f60102a6) Importer(815301076,1909f56bfc062723c751e8b465ee728b)  -> (artifact id: 'b59d092332dbf7275cadda20f80d3f36') in 0.087492 seconds 
  Import took 0.090890 seconds .

========================================================================
Received Import Request.
  Time since last request: 48.562267 seconds.
  path: Assets/素材/New Material.mat
  artifactKey: Guid(0616474a150db6f408a55d00c196463d) Importer(815301076,1909f56bfc062723c751e8b465ee728b)
Start importing Assets/素材/New Material.mat using Guid(0616474a150db6f408a55d00c196463d) Importer(815301076,1909f56bfc062723c751e8b465ee728b)  -> (artifact id: '6b7950307eb9553752d6b025f44fc9ce') in 0.036034 seconds 
  Import took 0.039392 seconds .

========================================================================
Received Import Request.
  Time since last request: 51.164588 seconds.
  path: Assets/素材/雜質.mat
  artifactKey: Guid(0616474a150db6f408a55d00c196463d) Importer(815301076,1909f56bfc062723c751e8b465ee728b)
Start importing Assets/素材/雜質.mat using Guid(0616474a150db6f408a55d00c196463d) Importer(815301076,1909f56bfc062723c751e8b465ee728b)  -> (artifact id: '60bac9d76f4fe88f9949fe0ed32a96be') in 0.006878 seconds 
  Import took 0.010587 seconds .

========================================================================
Received Import Request.
  Time since last request: 11.153510 seconds.
  path: Assets/素材/雜質.png
  artifactKey: Guid(d7ba501328694f34fa5b3bc0f60102a6) Importer(815301076,1909f56bfc062723c751e8b465ee728b)
Start importing Assets/素材/雜質.png using Guid(d7ba501328694f34fa5b3bc0f60102a6) Importer(815301076,1909f56bfc062723c751e8b465ee728b)  -> (artifact id: '56d2bb3ff23ee52bc651d36ddf412826') in 0.008096 seconds 
  Import took 0.017467 seconds .

========================================================================
Received Import Request.
  Time since last request: 3481.305754 seconds.
  path: Assets/素材/雜質.mat
  artifactKey: Guid(0616474a150db6f408a55d00c196463d) Importer(815301076,1909f56bfc062723c751e8b465ee728b)
Start importing Assets/素材/雜質.mat using Guid(0616474a150db6f408a55d00c196463d) Importer(815301076,1909f56bfc062723c751e8b465ee728b)  -> (artifact id: '28375f4e2dbdde8a081d297617536127') in 0.016736 seconds 
  Import took 0.020874 seconds .

========================================================================
Received Prepare
Registering precompiled user dll's ...
Registered in 0.002137 seconds.
Begin MonoManager ReloadAssembly
Native extension for WindowsStandalone target not found
Native extension for WebGL target not found
Refreshing native plugins compatible for Editor in 0.52 ms, found 3 plugins.
Preloading 0 native plugins for Editor in 0.00 ms.
Mono: successfully reloaded assembly
- Completed reload, in  1.124 seconds
Domain Reload Profiling:
	ReloadAssembly (1124ms)
		BeginReloadAssembly (120ms)
			ExecutionOrderSort (0ms)
			DisableScriptedObjects (6ms)
			BackupInstance (0ms)
			ReleaseScriptingObjects (0ms)
			CreateAndSetChildDomain (42ms)
		EndReloadAssembly (935ms)
			LoadAssemblies (92ms)
			RebuildTransferFunctionScriptingTraits (0ms)
			SetupTypeCache (341ms)
			ReleaseScriptCaches (1ms)
			RebuildScriptCaches (50ms)
			SetupLoadedEditorAssemblies (330ms)
				LogAssemblyErrors (0ms)
				InitializePlatformSupportModulesInManaged (7ms)
				SetLoadedEditorAssemblies (1ms)
				RefreshPlugins (1ms)
				BeforeProcessingInitializeOnLoad (65ms)
				ProcessInitializeOnLoadAttributes (248ms)
				ProcessInitializeOnLoadMethodAttributes (5ms)
				AfterProcessingInitializeOnLoad (4ms)
				EditorAssembliesLoaded (0ms)
			ExecutionOrderSort2 (0ms)
			AwakeInstancesAfterBackupRestoration (10ms)
Platform modules already initialized, skipping
Refreshing native plugins compatible for Editor in 0.53 ms, found 3 plugins.
Preloading 0 native plugins for Editor in 0.00 ms.
Unloading 2080 Unused Serialized files (Serialized files now loaded: 0)
System memory in use before: 96.1 MB.
System memory in use after: 96.2 MB.

Unloading 14 unused Assets to reduce memory usage. Loaded Objects now: 2577.
Total: 3.390200 ms (FindLiveObjects: 0.325000 ms CreateObjectMapping: 0.246200 ms MarkObjects: 2.787200 ms  DeleteObjects: 0.030800 ms)

AssetImportParameters requested are different than current active one (requested -> active):
  custom:framework-win-MediaFoundation: 216162199b28c13a410421893ffa2e32 -> 
  custom:video-decoder-ogg-theora: a1e56fd34408186e4bbccfd4996cb3dc -> 
  custom:container-muxer-webm: aa71ff27fc2769a1b78a27578f13a17b -> 
  custom:container-demuxer-webm: 4f35f7cbe854078d1ac9338744f61a02 -> 
  custom:container-demuxer-ogg: 62fdf1f143b41e24485cea50d1cbac27 -> 
  custom:video-encoder-webm-vp8: eb34c28f22e8b96e1ab97ce403110664 -> 
  custom:video-decoder-webm-vp8: 9c59270c3fd7afecdb556c50c9e8de78 -> 
  custom:audio-decoder-ogg-vorbis: bf7c407c2cedff20999df2af8eb42d56 -> 
  custom:audio-encoder-webm-vorbis: bf7c407c2cedff20999df2af8eb42d56 -> 
========================================================================
Received Import Request.
  Time since last request: 1997.059827 seconds.
  path: Assets/Cainos/Pixel Art Platformer - Village Props
  artifactKey: Guid(1f08d781702466b438d35aa7938d8030) Importer(815301076,1909f56bfc062723c751e8b465ee728b)
Start importing Assets/Cainos/Pixel Art Platformer - Village Props using Guid(1f08d781702466b438d35aa7938d8030) Importer(815301076,1909f56bfc062723c751e8b465ee728b)  -> (artifact id: 'a0d0ee06777279a5df54c5441e1b0263') in 0.004981 seconds 
  Import took 0.008597 seconds .

========================================================================
Received Import Request.
  Time since last request: 3.331715 seconds.
  path: Assets/Cainos/Pixel Art Platformer - Village Props/Tileset Palette
  artifactKey: Guid(ffa1277bff802794d811d96630d14d9b) Importer(815301076,1909f56bfc062723c751e8b465ee728b)
Start importing Assets/Cainos/Pixel Art Platformer - Village Props/Tileset Palette using Guid(ffa1277bff802794d811d96630d14d9b) Importer(815301076,1909f56bfc062723c751e8b465ee728b)  -> (artifact id: '379f1605efef327cf181996540852f68') in 0.000914 seconds 
  Import took 0.004237 seconds .

========================================================================
Received Import Request.
  Time since last request: 0.078234 seconds.
  path: Assets/Cainos/Pixel Art Platformer - Village Props/Tileset Palette/TP Ground Darken.prefab
  artifactKey: Guid(027db5ce1ff2f4142b49c3de3b59625a) Importer(815301076,1909f56bfc062723c751e8b465ee728b)
Start importing Assets/Cainos/Pixel Art Platformer - Village Props/Tileset Palette/TP Ground Darken.prefab using Guid(027db5ce1ff2f4142b49c3de3b59625a) Importer(815301076,1909f56bfc062723c751e8b465ee728b)  -> (artifact id: '55f1059c23ba11d9c3baf4fcb1ce4bcb') in 0.052434 seconds 
  Import took 0.055880 seconds .

========================================================================
Received Import Request.
  Time since last request: 0.000232 seconds.
  path: Assets/Cainos/Pixel Art Platformer - Village Props/Tileset Palette/TP Ground.prefab
  artifactKey: Guid(a657d1104ca50f54dac2bf8d3d8e9898) Importer(815301076,1909f56bfc062723c751e8b465ee728b)
Start importing Assets/Cainos/Pixel Art Platformer - Village Props/Tileset Palette/TP Ground.prefab using Guid(a657d1104ca50f54dac2bf8d3d8e9898) Importer(815301076,1909f56bfc062723c751e8b465ee728b)  -> (artifact id: '1e9edf212ad462b98353a087f9943218') in 0.013297 seconds 
  Import took 0.016703 seconds .

========================================================================
Received Import Request.
  Time since last request: 1.731236 seconds.
  path: Assets/Cainos/Pixel Art Platformer - Village Props/Texture/TX Background Grid.png
  artifactKey: Guid(4525736a9d0538940bce8f13f1227b26) Importer(815301076,1909f56bfc062723c751e8b465ee728b)
Start importing Assets/Cainos/Pixel Art Platformer - Village Props/Texture/TX Background Grid.png using Guid(4525736a9d0538940bce8f13f1227b26) Importer(815301076,1909f56bfc062723c751e8b465ee728b)  -> (artifact id: 'f1356049b4987f1ab94b0ca3938456c5') in 0.019269 seconds 
  Import took 0.022798 seconds .

========================================================================
Received Import Request.
  Time since last request: 0.000271 seconds.
  path: Assets/Cainos/Pixel Art Platformer - Village Props/Texture/TX Particle Flame.png
  artifactKey: Guid(cfcfd3af954eeb54cb041fe6d75a983b) Importer(815301076,1909f56bfc062723c751e8b465ee728b)
Start importing Assets/Cainos/Pixel Art Platformer - Village Props/Texture/TX Particle Flame.png using Guid(cfcfd3af954eeb54cb041fe6d75a983b) Importer(815301076,1909f56bfc062723c751e8b465ee728b)  -> (artifact id: '29e8cbfd73e5a2118f525430884e0f6a') in 0.014283 seconds 
  Import took 0.017456 seconds .

========================================================================
Received Import Request.
  Time since last request: 0.000238 seconds.
  path: Assets/Cainos/Pixel Art Platformer - Village Props/Texture/TX Tileset Ground.png
  artifactKey: Guid(bb35af95735851440927571ef230221b) Importer(815301076,1909f56bfc062723c751e8b465ee728b)
Start importing Assets/Cainos/Pixel Art Platformer - Village Props/Texture/TX Tileset Ground.png using Guid(bb35af95735851440927571ef230221b) Importer(815301076,1909f56bfc062723c751e8b465ee728b)  -> (artifact id: '8bd5a3b5bd8129f3166c5aa0c662e09c') in 0.081122 seconds 
  Import took 0.084519 seconds .

========================================================================
Received Import Request.
  Time since last request: 0.000251 seconds.
  path: Assets/Cainos/Pixel Art Platformer - Village Props/Texture/TX Village Props.png
  artifactKey: Guid(7810966f0f690954c87305933cabf2b0) Importer(815301076,1909f56bfc062723c751e8b465ee728b)
Start importing Assets/Cainos/Pixel Art Platformer - Village Props/Texture/TX Village Props.png using Guid(7810966f0f690954c87305933cabf2b0) Importer(815301076,1909f56bfc062723c751e8b465ee728b)  -> (artifact id: 'd6df726575e22f6b1de712bc2df7808e') in 0.336464 seconds 
  Import took 0.339500 seconds .

========================================================================
Received Import Request.
  Time since last request: 0.000244 seconds.
  path: Assets/Cainos/Pixel Art Platformer - Village Props/Texture/TX Tileset Ground Darken.png
  artifactKey: Guid(157cbc340d2b7e64ab85168e80e95550) Importer(815301076,1909f56bfc062723c751e8b465ee728b)
Start importing Assets/Cainos/Pixel Art Platformer - Village Props/Texture/TX Tileset Ground Darken.png using Guid(157cbc340d2b7e64ab85168e80e95550) Importer(815301076,1909f56bfc062723c751e8b465ee728b)  -> (artifact id: 'dc2fab95ad34d74c9a64aeb484c286e1') in 0.077915 seconds 
  Import took 0.080610 seconds .

========================================================================
Received Import Request.
  Time since last request: 217.319543 seconds.
  path: Assets/Cainos/Pixel Art Platformer - Village Props/Texture
  artifactKey: Guid(4fb7661537e28884697bca33184bdaa0) Importer(815301076,1909f56bfc062723c751e8b465ee728b)
Start importing Assets/Cainos/Pixel Art Platformer - Village Props/Texture using Guid(4fb7661537e28884697bca33184bdaa0) Importer(815301076,1909f56bfc062723c751e8b465ee728b)  -> (artifact id: '49218b2e2a296db1cad4179661b2a9fb') in 0.001017 seconds 
  Import took 0.004289 seconds .

========================================================================
Received Import Request.
  Time since last request: 464.494059 seconds.
  path: Assets/Cainos/Pixel Art Platformer - Village Props/Texture/TX Tileset Ground Darken.png
  artifactKey: Guid(157cbc340d2b7e64ab85168e80e95550) Importer(815301076,1909f56bfc062723c751e8b465ee728b)
Start importing Assets/Cainos/Pixel Art Platformer - Village Props/Texture/TX Tileset Ground Darken.png using Guid(157cbc340d2b7e64ab85168e80e95550) Importer(815301076,1909f56bfc062723c751e8b465ee728b)  -> (artifact id: 'ca9269f4375ae60f695d32c0d4a80964') in 0.084641 seconds 
  Import took 0.088386 seconds .

========================================================================
Received Import Request.
  Time since last request: 52.841209 seconds.
  path: Assets/Cainos/Pixel Art Platformer - Village Props/Texture/TX Tileset Ground.png
  artifactKey: Guid(bb35af95735851440927571ef230221b) Importer(815301076,1909f56bfc062723c751e8b465ee728b)
Start importing Assets/Cainos/Pixel Art Platformer - Village Props/Texture/TX Tileset Ground.png using Guid(bb35af95735851440927571ef230221b) Importer(815301076,1909f56bfc062723c751e8b465ee728b)  -> (artifact id: 'fd5d67405bfdad364adf4a9bbbeacff4') in 0.083080 seconds 
  Import took 0.086088 seconds .

